<?xml version="1.0" encoding="UTF-8"?>
<testng-results ignored="0" total="1" passed="1" failed="0" skipped="0">
  <reporter-output>
  </reporter-output>
  <suite started-at="2022-03-28T21:02:10 IST" name="Default suite" finished-at="2022-03-28T21:02:26 IST" duration-ms="15836">
    <groups>
    </groups>
    <test started-at="2022-03-28T21:02:10 IST" name="Default test" finished-at="2022-03-28T21:02:26 IST" duration-ms="15836">
      <class name="com.interview.AllLinksAmazon">
        <test-method signature="links()[pri:0, instance:com.interview.AllLinksAmazon@3059cbc]" started-at="2022-03-28T21:02:10 IST" name="links" finished-at="2022-03-28T21:02:26 IST" duration-ms="15791" status="PASS">
          <reporter-output>
          </reporter-output>
        </test-method> <!-- links -->
      </class> <!-- com.interview.AllLinksAmazon -->
    </test> <!-- Default test -->
  </suite> <!-- Default suite -->
</testng-results>
